<?xml version="1.0" encoding="UTF-8"?>
<!-- Generated by org.testng.reporters.JUnitXMLReporter -->
<testsuite hostname="Vivek" ignored="0" name="Test" tests="2" failures="1" timestamp="06 Sep 2019 17:55:13 GMT" time="17.722" errors="0">
  <testcase name="loginTitle" time="0.073" classname="com.crm.testscript.LoginCRMTest"/>
  <testcase name="loginLogo" time="0.204" classname="com.crm.testscript.LoginCRMTest">
    <failure type="java.lang.NullPointerException">
      <![CDATA[java.lang.NullPointerException
	at java.util.Objects.requireNonNull(Objects.java:203)
	at org.openqa.selenium.support.ui.FluentWait.<init>(FluentWait.java:115)
	at org.openqa.selenium.support.ui.WebDriverWait.<init>(WebDriverWait.java:102)
	at org.openqa.selenium.support.ui.WebDriverWait.<init>(WebDriverWait.java:45)
	at com.crm.genric.WaitstatmentLib.explicitWaitForClickable(WaitstatmentLib.java:27)
	at com.crm.page.LoginPage.validateCRMImage(LoginPage.java:40)
	at com.crm.testscript.LoginCRMTest.loginLogo(LoginCRMTest.java:24)
... Removed 25 stack frames]]>
    </failure>
  </testcase> <!-- loginLogo -->
</testsuite> <!-- Test -->
